<?xml version="1.0" encoding="UTF-8"?>
<!-- Generated by org.testng.reporters.JUnitReportReporter -->
<testsuite hostname="DESKTOP-3JA0FBS" failures="0" tests="6" name="tests.LoginTests" time="106.663" errors="0" timestamp="2024-08-17T08:24:46 IST" skipped="0">
  <testcase classname="tests.LoginTests" name="without_entering_User_name_and_Password" time="25.691"/>
  <testcase classname="tests.LoginTests" name="entering_only_User_name" time="15.755"/>
  <testcase classname="tests.LoginTests" name="entering_only_Password" time="15.136"/>
  <testcase classname="tests.LoginTests" name="entering_Invalid_User_name" time="14.570"/>
  <testcase classname="tests.LoginTests" name="entering_Invalid_Password" time="25.268"/>
  <testcase classname="tests.LoginTests" name="entering_Valid_User_name_and_Password" time="10.243"/>
</testsuite> <!-- tests.LoginTests -->
