<?xml version="1.0" encoding="UTF-8"?>
<!-- Generated by org.testng.reporters.JUnitReportReporter -->
<testsuite hostname="DESKTOP-3JA0FBS" failures="0" tests="5" name="tests.SignUpTests" time="121.348" errors="0" timestamp="2024-08-17T08:24:46 IST" skipped="0">
  <testcase classname="tests.SignUpTests" name="without_entering_User_name_and_Password" time="26.054"/>
  <testcase classname="tests.SignUpTests" name="entering_only_User_name" time="12.319"/>
  <testcase classname="tests.SignUpTests" name="entering_only_Password" time="16.325"/>
  <testcase classname="tests.SignUpTests" name="entering_both_User_name_and_Password" time="40.734"/>
  <testcase classname="tests.SignUpTests" name="entering_already_existing_User_name_and_Password" time="25.916"/>
</testsuite> <!-- tests.SignUpTests -->
